#
# A fatal error has been detected by the Java Runtime Environment:
#
#  EXCEPTION_ACCESS_VIOLATION (0xc0000005) at pc=0x00007ff89ba826c4, pid=47244, tid=32720
#
# JRE version: Java(TM) SE Runtime Environment (24.0.1+9) (build 24.0.1+9-30)
# Java VM: Java HotSpot(TM) 64-Bit Server VM (24.0.1+9-30, mixed mode, sharing, tiered, compressed oops, compressed class ptrs, g1 gc, windows-amd64)
# Problematic frame:
# C  [libasyncProfiler.dll+0x926c4]
#
# No core dump will be written. Minidumps are not enabled by default on client versions of Windows
#
# JFR recording file will be written. Location: C:\Users\Gaby\Desktop\UNICDA\2025 - 2S\Programacion Movil\Programacion-Movil\Leccion 6_Final\hs_err_pid47244.jfr
#
# If you would like to submit a bug report, please visit:
#   https://bugreport.java.com/bugreport/crash.jsp
# The crash happened outside the Java Virtual Machine in native code.
# See problematic frame for where to report the bug.
#

---------------  S U M M A R Y ------------

Command Line: -javaagent:C:\Program Files\JetBrains\IntelliJ IDEA 2025.1.1.1\lib\idea_rt.jar=62922 -Dfile.encoding=UTF-8 -Dsun.stdout.encoding=UTF-8 -Dsun.stderr.encoding=UTF-8 MainKt

Host: AMD Ryzen 7 5800H with Radeon Graphics         , 16 cores, 31G,  Windows 10 , 64 bit Build 19041 (10.0.19041.5794)
Time: Thu Jun  5 19:06:44 2025 SA Western Standard Time elapsed time: 27.704127 seconds (0d 0h 0m 27s)

---------------  T H R E A D  ---------------

Current thread (0x00000222dc00a390):  JavaThread "Attach Listener" daemon [_thread_in_native, id=32720, stack(0x0000005f7da00000,0x0000005f7db00000) (1024K)]

Stack: [0x0000005f7da00000,0x0000005f7db00000],  sp=0x0000005f7dafec10,  free space=1019k
Native frames: (J=compiled Java code, j=interpreted, Vv=VM code, C=native code)
C  [libasyncProfiler.dll+0x926c4]  (no source info available)
C  [libasyncProfiler.dll+0x92b9b]  (no source info available)
C  [libasyncProfiler.dll+0x917f4]  (no source info available)
C  [libasyncProfiler.dll+0x9206a]  (no source info available)
C  [libasyncProfiler.dll+0x8cc21]  (no source info available)
C  [libasyncProfiler.dll+0x7e5e1]  (no source info available)
C  [libasyncProfiler.dll+0x7d2f8]  (no source info available)
C  [libasyncProfiler.dll+0x7d1e0]  (no source info available)
C  [libasyncProfiler.dll+0x841b9]  (no source info available)
V  [jvm.dll+0x57eff7]  (no source info available)
V  [jvm.dll+0x57fdac]  (no source info available)
V  [jvm.dll+0x14ca17]  (no source info available)
V  [jvm.dll+0x14dfe1]  (no source info available)
V  [jvm.dll+0x42f456]  (no source info available)
V  [jvm.dll+0x87d76b]  (no source info available)
V  [jvm.dll+0x72ee55]  (no source info available)
C  [ucrtbase.dll+0x21bb2]  (no source info available)
C  [KERNEL32.DLL+0x17374]  (no source info available)
C  [ntdll.dll+0x4cc91]  (no source info available)


siginfo: EXCEPTION_ACCESS_VIOLATION (0xc0000005), reading address 0xffffffffffffffff


Registers:
RAX=0x0000000000000010, RBX=0x0000000000000000, RCX=0xffffffffffffffff, RDX=0x007ff8126b301010
RSP=0x0000005f7dafec10, RBP=0x00000222dce9fcc8, RSI=0x0000005f7dafed80, RDI=0x00000222dce9fcc8
R8 =0x0000000000000042, R9 =0x0000000622001ed8, R10=0x00007ff812929fb0, R11=0x0000000000000002
R12=0x0000005f7dafed80, R13=0x00000222dca075f0, R14=0x00000222dc00a758, R15=0x00000222dc00a758
RIP=0x00007ff89ba826c4, EFLAGS=0x0000000000010202

XMM[0]=0x0000000000000000 0x0000000000000000
XMM[1]=0x0000000000000000 0x0000000000000000
XMM[2]=0x0000000000000000 0x0000000000000000
XMM[3]=0x0000000000000000 0x0000000000000000
XMM[4]=0x0000000000000000 0x0000000000000000
XMM[5]=0x0000000000000000 0x0000000000000000
XMM[6]=0x0000000000000000 0x0000000000000000
XMM[7]=0x0000000000000000 0x0000000000000000
XMM[8]=0x0000000000000000 0x0000000000000000
XMM[9]=0x0000000000000000 0x0000000000000000
XMM[10]=0x0000000000000000 0x0000000000000000
XMM[11]=0x0000000000000000 0x0000000000000000
XMM[12]=0x0000000000000000 0x0000000000000000
XMM[13]=0x0000000000000000 0x0000000000000000
XMM[14]=0x0000000000000000 0x0000000000000000
XMM[15]=0x0000000000000000 0x0000000000000000
  MXCSR=0x00001fa0


Register to memory mapping:

RAX=0x0000000000000010 is an unknown value
RBX=0x0 is null
RCX=0xffffffffffffffff is an unknown value
RDX=0x007ff8126b301010 is an unknown value
RSP=0x0000005f7dafec10 is pointing into the stack for thread: 0x00000222dc00a390
RBP=0x00000222dce9fcc8 points into unknown readable memory: 0x0000000622001ed8 | d8 1e 00 22 06 00 00 00
RSI=0x0000005f7dafed80 is pointing into the stack for thread: 0x00000222dc00a390
RDI=0x00000222dce9fcc8 points into unknown readable memory: 0x0000000622001ed8 | d8 1e 00 22 06 00 00 00
R8 =0x0000000000000042 is an unknown value
R9 =0x0000000622001ed8 is an oop: java.lang.Thread 
{0x0000000622001ed8} - klass: 'java/lang/Thread' - flags: 

 - ---- fields (total size 14 words):
 - 'threadLocalRandomProbe' 'I' @12  0 (0x00000000)
 - private volatile 'eetop' 'J' @16  2349009606720 (0x00000222ebe21840)
 - private final 'tid' 'J' @24  3 (0x0000000000000003)
 - 'threadLocalRandomSeed' 'J' @32  0 (0x0000000000000000)
 - injected 'jvmti_thread_state' 'J' @40  2348758651856 (0x00000222dcecd3d0)
 - 'threadLocalRandomSecondarySeed' 'I' @48  0 (0x00000000)
 - injected 'jvmti_VTMS_transition_disable_count' 'I' @52  0 (0x00000000)
 - injected 'jfr_epoch' 'S' @56  0 (0x0000)
 - volatile 'interrupted' 'Z' @58  false (0x00)
 - injected 'jvmti_is_in_VTMS_transition' 'Z' @59  false (0x00)
 - private volatile 'name' 'Ljava/lang/String;' @60  "main"{0x0000000622001f48} (0xc44003e9)
 - private volatile 'contextClassLoader' 'Ljava/lang/ClassLoader;' @64  a 'jdk/internal/loader/ClassLoaders$AppClassLoader'{0x0000000622017530} (0xc4402ea6)
 - private final 'holder' 'Ljava/lang/Thread$FieldHolder;' @68  a 'java/lang/Thread$FieldHolder'{0x0000000622001f88} (0xc44003f1)
 - 'threadLocals' 'Ljava/lang/ThreadLocal$ThreadLocalMap;' @72  a 'java/lang/ThreadLocal$ThreadLocalMap'{0x0000000621c16a00} (0xc4382d40)
 - 'inheritableThreadLocals' 'Ljava/lang/ThreadLocal$ThreadLocalMap;' @76  null (0x00000000)
 - private 'scopedValueBindings' 'Ljava/lang/Object;' @80  a 'java/lang/Class'{0x00000007ffc7c890} = 'java/lang/Thread' (0xfff8f912)
 - final 'interruptLock' 'Ljava/lang/Object;' @84  a 'java/lang/Object'{0x0000000622001f78} (0xc44003ef)
 - private volatile 'parkBlocker' 'Ljava/lang/Object;' @88  null (0x00000000)
 - private 'nioBlocker' 'Lsun/nio/ch/Interruptible;' @92  null (0x00000000)
 - private 'cont' 'Ljdk/internal/vm/Continuation;' @96  null (0x00000000)
 - private volatile 'uncaughtExceptionHandler' 'Ljava/lang/Thread$UncaughtExceptionHandler;' @100  null (0x00000000)
 - private 'container' 'Ljdk/internal/vm/ThreadContainer;' @104  null (0x00000000)
 - private volatile 'headStackableScopes' 'Ljdk/internal/vm/StackableScope;' @108  null (0x00000000)
R10=0x00007ff812929fb0 jvm.dll
R11=0x0000000000000002 is an unknown value
R12=0x0000005f7dafed80 is pointing into the stack for thread: 0x00000222dc00a390
R13=0x00000222dca075f0 points into unknown readable memory: 0x00007ff81289a510 | 10 a5 89 12 f8 7f 00 00
R14=0x00000222dc00a758 points into unknown readable memory: 0x00007ff8128917b0 | b0 17 89 12 f8 7f 00 00
R15=0x00000222dc00a758 points into unknown readable memory: 0x00007ff8128917b0 | b0 17 89 12 f8 7f 00 00

Top of Stack: (sp=0x0000005f7dafec10)
0x0000005f7dafec10:   0000005f7dafed80 00000222dce9fcc8   ...}_......."...
0x0000005f7dafec20:   0000000000000000 00000222dc00aae0   ............"...
0x0000005f7dafec30:   0000000000000024 00007ff89ba82b9b   $........+......
0x0000005f7dafec40:   0000000000000000 00000222dc00a758   ........X..."...
0x0000005f7dafec50:   0000005f7dafed01 0000000000000000   ...}_...........
0x0000005f7dafec60:   00000222dc835100 00007ff89ba817f4   .Q.."...........
0x0000005f7dafec70:   0000000000000000 0000000000000024   ........$.......
0x0000005f7dafec80:   0000000000000000 0000000000000024   ........$.......
0x0000005f7dafec90:   0000000e00000000 00000222dcf32e00   ............"...
0x0000005f7dafeca0:   00000222dc835100 00000222dc835190   .Q.."....Q.."...
0x0000005f7dafecb0:   00000222dc8351a8 000000000000adf4   .Q.."...........
0x0000005f7dafecc0:   0000000000000000 0000000000000000   ................
0x0000005f7dafecd0:   0000000000000000 00007ff8120f57d4   .........W......
0x0000005f7dafece0:   00007ff89bbc4ca0 000000000000b88c   .L..............
0x0000005f7dafecf0:   00007ff89bbc4ca0 00000000ffffffff   .L..............
0x0000005f7dafed00:   0000000000000000 00007ff89ba8206a   ........j ......
0x0000005f7dafed10:   00000222dc00a758 0000000000000000   X..."...........
0x0000005f7dafed20:   0000005f7dafed89 00000222dca075f0   ...}_....u.."...
0x0000005f7dafed30:   0000000000000003 0000000000000048   ........H.......
0x0000005f7dafed40:   0000000800800310 0000000000000020   ........ .......
0x0000005f7dafed50:   00000222dc00a758 00007ff89bbc4ca0   X..."....L......
0x0000005f7dafed60:   00000222fb6f4770 00000222dcecd3d0   pGo."......."...
0x0000005f7dafed70:   0000000800800390 00000222dc00a758   ........X..."...
0x0000005f7dafed80:   00000222df7274d0 00000222df727950   .tr."...Pyr."...
0x0000005f7dafed90:   00000222df727950 00007ff89bbc4ca0   Pyr."....L......
0x0000005f7dafeda0:   0000005f7dafef18 00000222ebdf0000   ...}_......."...
0x0000005f7dafedb0:   0000005f7daff050 0000000000008840   P..}_...@.......
0x0000005f7dafedc0:   0000005f7daff230 00007ff89bbc4cf0   0..}_....L......
0x0000005f7dafedd0:   0000000000989680 0000000000989680   ................
0x0000005f7dafede0:   0000005f7dafeef0 00007ff89ba7cc21   ...}_...!.......
0x0000005f7dafedf0:   00007ff89bbc4ca0 00007ff89bbc4cf8   .L.......L......
0x0000005f7dafee00:   00007ff800000000 00007ff800000001   ................

Instructions: (pc=0x00007ff89ba826c4)
  0x00007ff89ba825c4:   cc cc cc cc cc cc cc cc cc cc cc cc cc cc cc cc
  0x00007ff89ba825d4:   cc cc cc cc cc cc cc cc cc cc cc cc cc cc cc cc
  0x00007ff89ba825e4:   cc cc cc cc cc cc cc cc cc cc cc cc cc cc cc cc
  0x00007ff89ba825f4:   cc cc cc cc cc cc cc cc cc cc cc cc cc cc cc cc
  0x00007ff89ba82604:   cc cc cc cc cc cc cc cc cc cc cc cc cc cc cc cc
  0x00007ff89ba82614:   cc cc cc cc cc cc cc cc cc cc cc cc cc cc cc cc
  0x00007ff89ba82624:   cc cc cc cc cc cc cc cc cc cc cc cc cc cc cc cc
  0x00007ff89ba82634:   cc cc cc cc cc cc cc cc cc cc cc cc cc cc cc cc
  0x00007ff89ba82644:   cc cc cc cc cc cc cc cc cc cc cc cc 40 57 48 83
  0x00007ff89ba82654:   ec 20 48 8b f9 48 8b 0d 10 28 14 00 48 85 c9 74
  0x00007ff89ba82664:   20 48 8b 01 48 8d 54 24 38 41 b8 06 00 01 00 4c
  0x00007ff89ba82674:   8b 48 30 41 ff d1 85 c0 75 07 48 8b 4c 24 38 eb
  0x00007ff89ba82684:   02 33 c9 4c 8b 05 ea 28 14 00 48 89 5c 24 30 4d
  0x00007ff89ba82694:   85 c0 74 4a 48 8b 01 48 8b d7 4c 8b 88 28 03 00
  0x00007ff89ba826a4:   00 41 ff d1 48 85 c0 74 35 48 63 0d f8 e6 13 00
  0x00007ff89ba826b4:   48 8b 14 01 48 85 d2 74 15 48 63 05 fc e6 13 00
=>0x00007ff89ba826c4:   8b 04 10 48 8b 5c 24 30 48 83 c4 20 5f c3 b8 ff
  0x00007ff89ba826d4:   ff ff ff 48 8b 5c 24 30 48 83 c4 20 5f c3 80 3d
  0x00007ff89ba826e4:   9b 27 14 00 00 bb ff ff ff ff 74 20 4c 8b 0d 31
  0x00007ff89ba826f4:   24 14 00 4c 8d 44 24 38 48 8b 0d 15 24 14 00 48
  0x00007ff89ba82704:   8b d7 41 ff d1 85 c0 0f 44 5c 24 38 8b c3 48 8b
  0x00007ff89ba82714:   5c 24 30 48 83 c4 20 5f c3 cc cc cc cc cc cc cc
  0x00007ff89ba82724:   cc cc cc cc cc cc cc cc cc cc cc cc cc cc cc cc
  0x00007ff89ba82734:   cc cc cc cc cc cc cc cc cc cc cc cc cc cc cc cc
  0x00007ff89ba82744:   cc cc cc cc cc cc cc cc cc cc cc cc 48 89 54 24
  0x00007ff89ba82754:   10 53 55 56 57 41 56 41 57 48 83 ec 28 48 8b f2
  0x00007ff89ba82764:   4c 8b f1 48 89 4c 24 78 45 33 ff 44 89 7c 24 68
  0x00007ff89ba82774:   c7 44 24 60 01 00 00 00 48 8d 4c 24 68 e8 ed 42
  0x00007ff89ba82784:   f7 ff 8b d8 48 8d 4c 24 60 e8 e1 42 f7 ff 8b e8
  0x00007ff89ba82794:   49 8b ce e8 00 fc f6 ff 48 8b f8 90 8b c3 f0 0f
  0x00007ff89ba827a4:   b1 2f 74 04 f3 90 eb f4 4c 89 3e 4c 89 7e 08 4c
  0x00007ff89ba827b4:   89 7e 10 49 8b 6e 08 4d 8b 76 10 49 3b ee 0f 84


Stack slot to memory mapping:

stack at sp + 0 slots: 0x0000005f7dafed80 is pointing into the stack for thread: 0x00000222dc00a390
stack at sp + 1 slots: 0x00000222dce9fcc8 points into unknown readable memory: 0x0000000622001ed8 | d8 1e 00 22 06 00 00 00
stack at sp + 2 slots: 0x0 is null
stack at sp + 3 slots: 0x00000222dc00aae0 points into unknown readable memory: 0x6e616c2e6176616a | 6a 61 76 61 2e 6c 61 6e
stack at sp + 4 slots: 0x0000000000000024 is an unknown value
stack at sp + 5 slots: 0x00007ff89ba82b9b libasyncProfiler.dll
stack at sp + 6 slots: 0x0 is null
stack at sp + 7 slots: 0x00000222dc00a758 points into unknown readable memory: 0x00007ff8128917b0 | b0 17 89 12 f8 7f 00 00

Lock stack of current Java thread (top to bottom):


---------------  P R O C E S S  ---------------

Threads class SMR info:
_java_thread_list=0x00000222df7d96f0, length=25, elements={
0x00000222ebe21840, 0x00000222dc005270, 0x00000222dc005bb0, 0x00000222dc007500,
0x00000222dc00a390, 0x00000222dc00d4e0, 0x00000222dc00e010, 0x00000222dc014750,
0x00000222dc01f2f0, 0x00000222dc1b6590, 0x00000222dc211a20, 0x00000222dc216180,
0x00000222dcdfb080, 0x00000222dce03270, 0x00000222dce06aa0, 0x00000222dcd607f0,
0x00000222dc858830, 0x00000222dc858fc0, 0x00000222dcf9be50, 0x00000222df640ff0,
0x00000222df641780, 0x00000222dc109580, 0x00000222dc80ffa0, 0x00000222dc8408b0,
0x00000222df7d8cf0
}

Java Threads: ( => current thread )
  0x00000222ebe21840 JavaThread "main"                              [_thread_in_native, id=24608, stack(0x0000005f7cf00000,0x0000005f7d000000) (1024K)]
  0x00000222dc005270 JavaThread "Reference Handler"          daemon [_thread_blocked, id=47408, stack(0x0000005f7d700000,0x0000005f7d800000) (1024K)]
  0x00000222dc005bb0 JavaThread "Finalizer"                  daemon [_thread_blocked, id=45144, stack(0x0000005f7d800000,0x0000005f7d900000) (1024K)]
  0x00000222dc007500 JavaThread "Signal Dispatcher"          daemon [_thread_blocked, id=26484, stack(0x0000005f7d900000,0x0000005f7da00000) (1024K)]
=>0x00000222dc00a390 JavaThread "Attach Listener"            daemon [_thread_in_native, id=32720, stack(0x0000005f7da00000,0x0000005f7db00000) (1024K)]
  0x00000222dc00d4e0 JavaThread "Service Thread"             daemon [_thread_blocked, id=47280, stack(0x0000005f7db00000,0x0000005f7dc00000) (1024K)]
  0x00000222dc00e010 JavaThread "Monitor Deflation Thread"   daemon [_thread_blocked, id=38340, stack(0x0000005f7dc00000,0x0000005f7dd00000) (1024K)]
  0x00000222dc014750 JavaThread "C2 CompilerThread0"         daemon [_thread_blocked, id=14128, stack(0x0000005f7dd00000,0x0000005f7de00000) (1024K)]
  0x00000222dc01f2f0 JavaThread "C1 CompilerThread0"         daemon [_thread_blocked, id=50428, stack(0x0000005f7de00000,0x0000005f7df00000) (1024K)]
  0x00000222dc1b6590 JavaThread "Common-Cleaner"             daemon [_thread_blocked, id=46048, stack(0x0000005f7e100000,0x0000005f7e200000) (1024K)]
  0x00000222dc211a20 JavaThread "Monitor Ctrl-Break"         daemon [_thread_in_native, id=58692, stack(0x0000005f7e200000,0x0000005f7e300000) (1024K)]
  0x00000222dc216180 JavaThread "Notification Thread"        daemon [_thread_blocked, id=58740, stack(0x0000005f7e300000,0x0000005f7e400000) (1024K)]
  0x00000222dcdfb080 JavaThread "RMI TCP Accept-0"           daemon [_thread_in_native, id=44116, stack(0x0000005f7e700000,0x0000005f7e800000) (1024K)]
  0x00000222dce03270 JavaThread "RMI TCP Connection(1)-192.168.56.1" daemon [_thread_in_native, id=57384, stack(0x0000005f7e800000,0x0000005f7e900000) (1024K)]
  0x00000222dce06aa0 JavaThread "RMI Scheduler(0)"           daemon [_thread_blocked, id=43668, stack(0x0000005f7e900000,0x0000005f7ea00000) (1024K)]
  0x00000222dcd607f0 JavaThread "JMX server connection timeout 40" daemon [_thread_blocked, id=45256, stack(0x0000005f7ea00000,0x0000005f7eb00000) (1024K)]
  0x00000222dc858830 JavaThread "C2 CompilerThread1"         daemon [_thread_blocked, id=40776, stack(0x0000005f7df00000,0x0000005f7e000000) (1024K)]
  0x00000222dc858fc0 JavaThread "C2 CompilerThread2"         daemon [_thread_blocked, id=53696, stack(0x0000005f7e000000,0x0000005f7e100000) (1024K)]
  0x00000222dcf9be50 JavaThread "JFR Recorder Thread"        daemon [_thread_in_native, id=35552, stack(0x0000005f7e400000,0x0000005f7e500000) (1024K)]
  0x00000222df640ff0 JavaThread "C1 CompilerThread1"         daemon [_thread_blocked, id=60912, stack(0x0000005f7e500000,0x0000005f7e600000) (1024K)]
  0x00000222df641780 JavaThread "C1 CompilerThread2"         daemon [_thread_blocked, id=46624, stack(0x0000005f7e600000,0x0000005f7e700000) (1024K)]
  0x00000222dc109580 JavaThread "C1 CompilerThread3"         daemon [_thread_blocked, id=54224, stack(0x0000005f7eb00000,0x0000005f7ec00000) (1024K)]
  0x00000222dc80ffa0 JavaThread "C2 CompilerThread3"         daemon [_thread_blocked, id=46692, stack(0x0000005f7ec00000,0x0000005f7ed00000) (1024K)]
  0x00000222dc8408b0 JavaThread "C2 CompilerThread4"         daemon [_thread_blocked, id=42740, stack(0x0000005f7ed00000,0x0000005f7ee00000) (1024K)]
  0x00000222df7d8cf0 JavaThread "JFR Periodic Tasks"         daemon [_thread_blocked, id=44532, stack(0x0000005f7ee00000,0x0000005f7ef00000) (1024K)]
Total: 25

Other Threads:
  0x00000222fb8c4fa0 VMThread "VM Thread"                           [id=55308, stack(0x0000005f7d600000,0x0000005f7d700000) (1024K)]
  0x00000222fb8b6280 WatcherThread "VM Periodic Task Thread"        [id=63708, stack(0x0000005f7d500000,0x0000005f7d600000) (1024K)]
  0x00000222ee148830 WorkerThread "GC Thread#0"                     [id=50804, stack(0x0000005f7d000000,0x0000005f7d100000) (1024K)]
  0x00000222ee15d880 ConcurrentGCThread "G1 Main Marker"            [id=35084, stack(0x0000005f7d100000,0x0000005f7d200000) (1024K)]
  0x00000222ee15eb30 WorkerThread "G1 Conc#0"                       [id=64384, stack(0x0000005f7d200000,0x0000005f7d300000) (1024K)]
  0x00000222fb781000 ConcurrentGCThread "G1 Refine#0"               [id=50072, stack(0x0000005f7d300000,0x0000005f7d400000) (1024K)]
  0x00000222fb782940 ConcurrentGCThread "G1 Service"                [id=17508, stack(0x0000005f7d400000,0x0000005f7d500000) (1024K)]
Total: 7

Threads with active compile tasks:
Total: 0

VM state: not at safepoint (normal execution)

VM Mutex/Monitor currently owned by a thread: None

Heap address: 0x0000000602400000, size: 8156 MB, Compressed Oops mode: Zero based, Oop shift amount: 3

CDS archive(s) mapped at: [0x0000022297000000-0x0000022297d40000-0x0000022297d40000), size 13893632, SharedBaseAddress: 0x0000022297000000, ArchiveRelocationMode: 1.
Compressed class space mapped at: 0x0000022298000000-0x00000222d8000000, reserved size: 1073741824
UseCompressedClassPointers 1, UseCompactObjectHeaders 0
Narrow klass pointer bits 32, Max shift 3
Narrow klass base: 0x0000022297000000, Narrow klass shift: 0
Encoding Range: [0x0000022297000000 - 0x0000022397000000), (4294967296 bytes)
Klass Range:    [0x0000022297000000 - 0x00000222d8000000), (1090519040 bytes)
Klass ID Range:  [8 - 1090519033) (1090519025)

GC Precious Log:
 CardTable entry size: 512
 Card Set container configuration: InlinePtr #cards 4 size 8 Array Of Cards #cards 32 size 80 Howl #buckets 8 coarsen threshold 7372 Howl Bitmap #cards 1024 size 144 coarsen threshold 921 Card regions per heap region 1 cards per card region 8192
 CPUs: 16 total, 16 available
 Memory: 32620M
 Large Page Support: Disabled
 NUMA Support: Disabled
 Compressed Oops: Enabled (Zero based)
 Heap Region Size: 4M
 Heap Min Capacity: 8M
 Heap Initial Capacity: 512M
 Heap Max Capacity: 8156M
 Pre-touch: Disabled
 Parallel Workers: 13
 Concurrent Workers: 3
 Concurrent Refinement Workers: 13
 Periodic GC: Disabled

Heap:
 garbage-first heap   total reserved 8351744K, committed 528384K, used 38004K [0x0000000602400000, 0x0000000800000000)
  region size 4096K, 10 young (40960K), 0 survivors (0K)
 Metaspace       used 8300K, committed 8640K, reserved 1114112K
  class space    used 751K, committed 896K, reserved 1048576K

Heap Regions: E=young(eden), S=young(survivor), O=old, HS=humongous(starts), HC=humongous(continues), CS=collection set, F=free, TAMS=top-at-mark-start, PB=parsable bottom
|   0|0x0000000602400000, 0x0000000602400000, 0x0000000602800000|  0%| F|  |TAMS 0x0000000602400000| PB 0x0000000602400000| Untracked |  0
|   1|0x0000000602800000, 0x0000000602800000, 0x0000000602c00000|  0%| F|  |TAMS 0x0000000602800000| PB 0x0000000602800000| Untracked |  0
|   2|0x0000000602c00000, 0x0000000602c00000, 0x0000000603000000|  0%| F|  |TAMS 0x0000000602c00000| PB 0x0000000602c00000| Untracked |  0
|   3|0x0000000603000000, 0x0000000603000000, 0x0000000603400000|  0%| F|  |TAMS 0x0000000603000000| PB 0x0000000603000000| Untracked |  0
|   4|0x0000000603400000, 0x0000000603400000, 0x0000000603800000|  0%| F|  |TAMS 0x0000000603400000| PB 0x0000000603400000| Untracked |  0
|   5|0x0000000603800000, 0x0000000603800000, 0x0000000603c00000|  0%| F|  |TAMS 0x0000000603800000| PB 0x0000000603800000| Untracked |  0
|   6|0x0000000603c00000, 0x0000000603c00000, 0x0000000604000000|  0%| F|  |TAMS 0x0000000603c00000| PB 0x0000000603c00000| Untracked |  0
|   7|0x0000000604000000, 0x0000000604000000, 0x0000000604400000|  0%| F|  |TAMS 0x0000000604000000| PB 0x0000000604000000| Untracked |  0
|   8|0x0000000604400000, 0x0000000604400000, 0x0000000604800000|  0%| F|  |TAMS 0x0000000604400000| PB 0x0000000604400000| Untracked |  0
|   9|0x0000000604800000, 0x0000000604800000, 0x0000000604c00000|  0%| F|  |TAMS 0x0000000604800000| PB 0x0000000604800000| Untracked |  0
|  10|0x0000000604c00000, 0x0000000604c00000, 0x0000000605000000|  0%| F|  |TAMS 0x0000000604c00000| PB 0x0000000604c00000| Untracked |  0
|  11|0x0000000605000000, 0x0000000605000000, 0x0000000605400000|  0%| F|  |TAMS 0x0000000605000000| PB 0x0000000605000000| Untracked |  0
|  12|0x0000000605400000, 0x0000000605400000, 0x0000000605800000|  0%| F|  |TAMS 0x0000000605400000| PB 0x0000000605400000| Untracked |  0
|  13|0x0000000605800000, 0x0000000605800000, 0x0000000605c00000|  0%| F|  |TAMS 0x0000000605800000| PB 0x0000000605800000| Untracked |  0
|  14|0x0000000605c00000, 0x0000000605c00000, 0x0000000606000000|  0%| F|  |TAMS 0x0000000605c00000| PB 0x0000000605c00000| Untracked |  0
|  15|0x0000000606000000, 0x0000000606000000, 0x0000000606400000|  0%| F|  |TAMS 0x0000000606000000| PB 0x0000000606000000| Untracked |  0
|  16|0x0000000606400000, 0x0000000606400000, 0x0000000606800000|  0%| F|  |TAMS 0x0000000606400000| PB 0x0000000606400000| Untracked |  0
|  17|0x0000000606800000, 0x0000000606800000, 0x0000000606c00000|  0%| F|  |TAMS 0x0000000606800000| PB 0x0000000606800000| Untracked |  0
|  18|0x0000000606c00000, 0x0000000606c00000, 0x0000000607000000|  0%| F|  |TAMS 0x0000000606c00000| PB 0x0000000606c00000| Untracked |  0
|  19|0x0000000607000000, 0x0000000607000000, 0x0000000607400000|  0%| F|  |TAMS 0x0000000607000000| PB 0x0000000607000000| Untracked |  0
|  20|0x0000000607400000, 0x0000000607400000, 0x0000000607800000|  0%| F|  |TAMS 0x0000000607400000| PB 0x0000000607400000| Untracked |  0
|  21|0x0000000607800000, 0x0000000607800000, 0x0000000607c00000|  0%| F|  |TAMS 0x0000000607800000| PB 0x0000000607800000| Untracked |  0
|  22|0x0000000607c00000, 0x0000000607c00000, 0x0000000608000000|  0%| F|  |TAMS 0x0000000607c00000| PB 0x0000000607c00000| Untracked |  0
|  23|0x0000000608000000, 0x0000000608000000, 0x0000000608400000|  0%| F|  |TAMS 0x0000000608000000| PB 0x0000000608000000| Untracked |  0
|  24|0x0000000608400000, 0x0000000608400000, 0x0000000608800000|  0%| F|  |TAMS 0x0000000608400000| PB 0x0000000608400000| Untracked |  0
|  25|0x0000000608800000, 0x0000000608800000, 0x0000000608c00000|  0%| F|  |TAMS 0x0000000608800000| PB 0x0000000608800000| Untracked |  0
|  26|0x0000000608c00000, 0x0000000608c00000, 0x0000000609000000|  0%| F|  |TAMS 0x0000000608c00000| PB 0x0000000608c00000| Untracked |  0
|  27|0x0000000609000000, 0x0000000609000000, 0x0000000609400000|  0%| F|  |TAMS 0x0000000609000000| PB 0x0000000609000000| Untracked |  0
|  28|0x0000000609400000, 0x0000000609400000, 0x0000000609800000|  0%| F|  |TAMS 0x0000000609400000| PB 0x0000000609400000| Untracked |  0
|  29|0x0000000609800000, 0x0000000609800000, 0x0000000609c00000|  0%| F|  |TAMS 0x0000000609800000| PB 0x0000000609800000| Untracked |  0
|  30|0x0000000609c00000, 0x0000000609c00000, 0x000000060a000000|  0%| F|  |TAMS 0x0000000609c00000| PB 0x0000000609c00000| Untracked |  0
|  31|0x000000060a000000, 0x000000060a000000, 0x000000060a400000|  0%| F|  |TAMS 0x000000060a000000| PB 0x000000060a000000| Untracked |  0
|  32|0x000000060a400000, 0x000000060a400000, 0x000000060a800000|  0%| F|  |TAMS 0x000000060a400000| PB 0x000000060a400000| Untracked |  0
|  33|0x000000060a800000, 0x000000060a800000, 0x000000060ac00000|  0%| F|  |TAMS 0x000000060a800000| PB 0x000000060a800000| Untracked |  0
|  34|0x000000060ac00000, 0x000000060ac00000, 0x000000060b000000|  0%| F|  |TAMS 0x000000060ac00000| PB 0x000000060ac00000| Untracked |  0
|  35|0x000000060b000000, 0x000000060b000000, 0x000000060b400000|  0%| F|  |TAMS 0x000000060b000000| PB 0x000000060b000000| Untracked |  0
|  36|0x000000060b400000, 0x000000060b400000, 0x000000060b800000|  0%| F|  |TAMS 0x000000060b400000| PB 0x000000060b400000| Untracked |  0
|  37|0x000000060b800000, 0x000000060b800000, 0x000000060bc00000|  0%| F|  |TAMS 0x000000060b800000| PB 0x000000060b800000| Untracked |  0
|  38|0x000000060bc00000, 0x000000060bc00000, 0x000000060c000000|  0%| F|  |TAMS 0x000000060bc00000| PB 0x000000060bc00000| Untracked |  0
|  39|0x000000060c000000, 0x000000060c000000, 0x000000060c400000|  0%| F|  |TAMS 0x000000060c000000| PB 0x000000060c000000| Untracked |  0
|  40|0x000000060c400000, 0x000000060c400000, 0x000000060c800000|  0%| F|  |TAMS 0x000000060c400000| PB 0x000000060c400000| Untracked |  0
|  41|0x000000060c800000, 0x000000060c800000, 0x000000060cc00000|  0%| F|  |TAMS 0x000000060c800000| PB 0x000000060c800000| Untracked |  0
|  42|0x000000060cc00000, 0x000000060cc00000, 0x000000060d000000|  0%| F|  |TAMS 0x000000060cc00000| PB 0x000000060cc00000| Untracked |  0
|  43|0x000000060d000000, 0x000000060d000000, 0x000000060d400000|  0%| F|  |TAMS 0x000000060d000000| PB 0x000000060d000000| Untracked |  0
|  44|0x000000060d400000, 0x000000060d400000, 0x000000060d800000|  0%| F|  |TAMS 0x000000060d400000| PB 0x000000060d400000| Untracked |  0
|  45|0x000000060d800000, 0x000000060d800000, 0x000000060dc00000|  0%| F|  |TAMS 0x000000060d800000| PB 0x000000060d800000| Untracked |  0
|  46|0x000000060dc00000, 0x000000060dc00000, 0x000000060e000000|  0%| F|  |TAMS 0x000000060dc00000| PB 0x000000060dc00000| Untracked |  0
|  47|0x000000060e000000, 0x000000060e000000, 0x000000060e400000|  0%| F|  |TAMS 0x000000060e000000| PB 0x000000060e000000| Untracked |  0
|  48|0x000000060e400000, 0x000000060e400000, 0x000000060e800000|  0%| F|  |TAMS 0x000000060e400000| PB 0x000000060e400000| Untracked |  0
|  49|0x000000060e800000, 0x000000060e800000, 0x000000060ec00000|  0%| F|  |TAMS 0x000000060e800000| PB 0x000000060e800000| Untracked |  0
|  50|0x000000060ec00000, 0x000000060ec00000, 0x000000060f000000|  0%| F|  |TAMS 0x000000060ec00000| PB 0x000000060ec00000| Untracked |  0
|  51|0x000000060f000000, 0x000000060f000000, 0x000000060f400000|  0%| F|  |TAMS 0x000000060f000000| PB 0x000000060f000000| Untracked |  0
|  52|0x000000060f400000, 0x000000060f400000, 0x000000060f800000|  0%| F|  |TAMS 0x000000060f400000| PB 0x000000060f400000| Untracked |  0
|  53|0x000000060f800000, 0x000000060f800000, 0x000000060fc00000|  0%| F|  |TAMS 0x000000060f800000| PB 0x000000060f800000| Untracked |  0
|  54|0x000000060fc00000, 0x000000060fc00000, 0x0000000610000000|  0%| F|  |TAMS 0x000000060fc00000| PB 0x000000060fc00000| Untracked |  0
|  55|0x0000000610000000, 0x0000000610000000, 0x0000000610400000|  0%| F|  |TAMS 0x0000000610000000| PB 0x0000000610000000| Untracked |  0
|  56|0x0000000610400000, 0x0000000610400000, 0x0000000610800000|  0%| F|  |TAMS 0x0000000610400000| PB 0x0000000610400000| Untracked |  0
|  57|0x0000000610800000, 0x0000000610800000, 0x0000000610c00000|  0%| F|  |TAMS 0x0000000610800000| PB 0x0000000610800000| Untracked |  0
|  58|0x0000000610c00000, 0x0000000610c00000, 0x0000000611000000|  0%| F|  |TAMS 0x0000000610c00000| PB 0x0000000610c00000| Untracked |  0
|  59|0x0000000611000000, 0x0000000611000000, 0x0000000611400000|  0%| F|  |TAMS 0x0000000611000000| PB 0x0000000611000000| Untracked |  0
|  60|0x0000000611400000, 0x0000000611400000, 0x0000000611800000|  0%| F|  |TAMS 0x0000000611400000| PB 0x0000000611400000| Untracked |  0
|  61|0x0000000611800000, 0x0000000611800000, 0x0000000611c00000|  0%| F|  |TAMS 0x0000000611800000| PB 0x0000000611800000| Untracked |  0
|  62|0x0000000611c00000, 0x0000000611c00000, 0x0000000612000000|  0%| F|  |TAMS 0x0000000611c00000| PB 0x0000000611c00000| Untracked |  0
|  63|0x0000000612000000, 0x0000000612000000, 0x0000000612400000|  0%| F|  |TAMS 0x0000000612000000| PB 0x0000000612000000| Untracked |  0
|  64|0x0000000612400000, 0x0000000612400000, 0x0000000612800000|  0%| F|  |TAMS 0x0000000612400000| PB 0x0000000612400000| Untracked |  0
|  65|0x0000000612800000, 0x0000000612800000, 0x0000000612c00000|  0%| F|  |TAMS 0x0000000612800000| PB 0x0000000612800000| Untracked |  0
|  66|0x0000000612c00000, 0x0000000612c00000, 0x0000000613000000|  0%| F|  |TAMS 0x0000000612c00000| PB 0x0000000612c00000| Untracked |  0
|  67|0x0000000613000000, 0x0000000613000000, 0x0000000613400000|  0%| F|  |TAMS 0x0000000613000000| PB 0x0000000613000000| Untracked |  0
|  68|0x0000000613400000, 0x0000000613400000, 0x0000000613800000|  0%| F|  |TAMS 0x0000000613400000| PB 0x0000000613400000| Untracked |  0
|  69|0x0000000613800000, 0x0000000613800000, 0x0000000613c00000|  0%| F|  |TAMS 0x0000000613800000| PB 0x0000000613800000| Untracked |  0
|  70|0x0000000613c00000, 0x0000000613c00000, 0x0000000614000000|  0%| F|  |TAMS 0x0000000613c00000| PB 0x0000000613c00000| Untracked |  0
|  71|0x0000000614000000, 0x0000000614000000, 0x0000000614400000|  0%| F|  |TAMS 0x0000000614000000| PB 0x0000000614000000| Untracked |  0
|  72|0x0000000614400000, 0x0000000614400000, 0x0000000614800000|  0%| F|  |TAMS 0x0000000614400000| PB 0x0000000614400000| Untracked |  0
|  73|0x0000000614800000, 0x0000000614800000, 0x0000000614c00000|  0%| F|  |TAMS 0x0000000614800000| PB 0x0000000614800000| Untracked |  0
|  74|0x0000000614c00000, 0x0000000614c00000, 0x0000000615000000|  0%| F|  |TAMS 0x0000000614c00000| PB 0x0000000614c00000| Untracked |  0
|  75|0x0000000615000000, 0x0000000615000000, 0x0000000615400000|  0%| F|  |TAMS 0x0000000615000000| PB 0x0000000615000000| Untracked |  0
|  76|0x0000000615400000, 0x0000000615400000, 0x0000000615800000|  0%| F|  |TAMS 0x0000000615400000| PB 0x0000000615400000| Untracked |  0
|  77|0x0000000615800000, 0x0000000615800000, 0x0000000615c00000|  0%| F|  |TAMS 0x0000000615800000| PB 0x0000000615800000| Untracked |  0
|  78|0x0000000615c00000, 0x0000000615c00000, 0x0000000616000000|  0%| F|  |TAMS 0x0000000615c00000| PB 0x0000000615c00000| Untracked |  0
|  79|0x0000000616000000, 0x0000000616000000, 0x0000000616400000|  0%| F|  |TAMS 0x0000000616000000| PB 0x0000000616000000| Untracked |  0
|  80|0x0000000616400000, 0x0000000616400000, 0x0000000616800000|  0%| F|  |TAMS 0x0000000616400000| PB 0x0000000616400000| Untracked |  0
|  81|0x0000000616800000, 0x0000000616800000, 0x0000000616c00000|  0%| F|  |TAMS 0x0000000616800000| PB 0x0000000616800000| Untracked |  0
|  82|0x0000000616c00000, 0x0000000616c00000, 0x0000000617000000|  0%| F|  |TAMS 0x0000000616c00000| PB 0x0000000616c00000| Untracked |  0
|  83|0x0000000617000000, 0x0000000617000000, 0x0000000617400000|  0%| F|  |TAMS 0x0000000617000000| PB 0x0000000617000000| Untracked |  0
|  84|0x0000000617400000, 0x0000000617400000, 0x0000000617800000|  0%| F|  |TAMS 0x0000000617400000| PB 0x0000000617400000| Untracked |  0
|  85|0x0000000617800000, 0x0000000617800000, 0x0000000617c00000|  0%| F|  |TAMS 0x0000000617800000| PB 0x0000000617800000| Untracked |  0
|  86|0x0000000617c00000, 0x0000000617c00000, 0x0000000618000000|  0%| F|  |TAMS 0x0000000617c00000| PB 0x0000000617c00000| Untracked |  0
|  87|0x0000000618000000, 0x0000000618000000, 0x0000000618400000|  0%| F|  |TAMS 0x0000000618000000| PB 0x0000000618000000| Untracked |  0
|  88|0x0000000618400000, 0x0000000618400000, 0x0000000618800000|  0%| F|  |TAMS 0x0000000618400000| PB 0x0000000618400000| Untracked |  0
|  89|0x0000000618800000, 0x0000000618800000, 0x0000000618c00000|  0%| F|  |TAMS 0x0000000618800000| PB 0x0000000618800000| Untracked |  0
|  90|0x0000000618c00000, 0x0000000618c00000, 0x0000000619000000|  0%| F|  |TAMS 0x0000000618c00000| PB 0x0000000618c00000| Untracked |  0
|  91|0x0000000619000000, 0x0000000619000000, 0x0000000619400000|  0%| F|  |TAMS 0x0000000619000000| PB 0x0000000619000000| Untracked |  0
|  92|0x0000000619400000, 0x0000000619400000, 0x0000000619800000|  0%| F|  |TAMS 0x0000000619400000| PB 0x0000000619400000| Untracked |  0
|  93|0x0000000619800000, 0x0000000619800000, 0x0000000619c00000|  0%| F|  |TAMS 0x0000000619800000| PB 0x0000000619800000| Untracked |  0
|  94|0x0000000619c00000, 0x0000000619c00000, 0x000000061a000000|  0%| F|  |TAMS 0x0000000619c00000| PB 0x0000000619c00000| Untracked |  0
|  95|0x000000061a000000, 0x000000061a000000, 0x000000061a400000|  0%| F|  |TAMS 0x000000061a000000| PB 0x000000061a000000| Untracked |  0
|  96|0x000000061a400000, 0x000000061a400000, 0x000000061a800000|  0%| F|  |TAMS 0x000000061a400000| PB 0x000000061a400000| Untracked |  0
|  97|0x000000061a800000, 0x000000061a800000, 0x000000061ac00000|  0%| F|  |TAMS 0x000000061a800000| PB 0x000000061a800000| Untracked |  0
|  98|0x000000061ac00000, 0x000000061ac00000, 0x000000061b000000|  0%| F|  |TAMS 0x000000061ac00000| PB 0x000000061ac00000| Untracked |  0
|  99|0x000000061b000000, 0x000000061b000000, 0x000000061b400000|  0%| F|  |TAMS 0x000000061b000000| PB 0x000000061b000000| Untracked |  0
| 100|0x000000061b400000, 0x000000061b400000, 0x000000061b800000|  0%| F|  |TAMS 0x000000061b400000| PB 0x000000061b400000| Untracked |  0
| 101|0x000000061b800000, 0x000000061b800000, 0x000000061bc00000|  0%| F|  |TAMS 0x000000061b800000| PB 0x000000061b800000| Untracked |  0
| 102|0x000000061bc00000, 0x000000061bc00000, 0x000000061c000000|  0%| F|  |TAMS 0x000000061bc00000| PB 0x000000061bc00000| Untracked |  0
| 103|0x000000061c000000, 0x000000061c000000, 0x000000061c400000|  0%| F|  |TAMS 0x000000061c000000| PB 0x000000061c000000| Untracked |  0
| 104|0x000000061c400000, 0x000000061c400000, 0x000000061c800000|  0%| F|  |TAMS 0x000000061c400000| PB 0x000000061c400000| Untracked |  0
| 105|0x000000061c800000, 0x000000061c800000, 0x000000061cc00000|  0%| F|  |TAMS 0x000000061c800000| PB 0x000000061c800000| Untracked |  0
| 106|0x000000061cc00000, 0x000000061cc00000, 0x000000061d000000|  0%| F|  |TAMS 0x000000061cc00000| PB 0x000000061cc00000| Untracked |  0
| 107|0x000000061d000000, 0x000000061d000000, 0x000000061d400000|  0%| F|  |TAMS 0x000000061d000000| PB 0x000000061d000000| Untracked |  0
| 108|0x000000061d400000, 0x000000061d400000, 0x000000061d800000|  0%| F|  |TAMS 0x000000061d400000| PB 0x000000061d400000| Untracked |  0
| 109|0x000000061d800000, 0x000000061d800000, 0x000000061dc00000|  0%| F|  |TAMS 0x000000061d800000| PB 0x000000061d800000| Untracked |  0
| 110|0x000000061dc00000, 0x000000061dc00000, 0x000000061e000000|  0%| F|  |TAMS 0x000000061dc00000| PB 0x000000061dc00000| Untracked |  0
| 111|0x000000061e000000, 0x000000061e000000, 0x000000061e400000|  0%| F|  |TAMS 0x000000061e000000| PB 0x000000061e000000| Untracked |  0
| 112|0x000000061e400000, 0x000000061e400000, 0x000000061e800000|  0%| F|  |TAMS 0x000000061e400000| PB 0x000000061e400000| Untracked |  0
| 113|0x000000061e800000, 0x000000061e800000, 0x000000061ec00000|  0%| F|  |TAMS 0x000000061e800000| PB 0x000000061e800000| Untracked |  0
| 114|0x000000061ec00000, 0x000000061ec00000, 0x000000061f000000|  0%| F|  |TAMS 0x000000061ec00000| PB 0x000000061ec00000| Untracked |  0
| 115|0x000000061f000000, 0x000000061f000000, 0x000000061f400000|  0%| F|  |TAMS 0x000000061f000000| PB 0x000000061f000000| Untracked |  0
| 116|0x000000061f400000, 0x000000061f400000, 0x000000061f800000|  0%| F|  |TAMS 0x000000061f400000| PB 0x000000061f400000| Untracked |  0
| 117|0x000000061f800000, 0x000000061f800000, 0x000000061fc00000|  0%| F|  |TAMS 0x000000061f800000| PB 0x000000061f800000| Untracked |  0
| 118|0x000000061fc00000, 0x000000061fd094d8, 0x0000000620000000| 25%| E|  |TAMS 0x000000061fc00000| PB 0x000000061fc00000| Complete |  0
| 119|0x0000000620000000, 0x0000000620400000, 0x0000000620400000|100%| E|CS|TAMS 0x0000000620000000| PB 0x0000000620000000| Complete |  0
| 120|0x0000000620400000, 0x0000000620800000, 0x0000000620800000|100%| E|CS|TAMS 0x0000000620400000| PB 0x0000000620400000| Complete |  0
| 121|0x0000000620800000, 0x0000000620c00000, 0x0000000620c00000|100%| E|CS|TAMS 0x0000000620800000| PB 0x0000000620800000| Complete |  0
| 122|0x0000000620c00000, 0x0000000621000000, 0x0000000621000000|100%| E|CS|TAMS 0x0000000620c00000| PB 0x0000000620c00000| Complete |  0
| 123|0x0000000621000000, 0x0000000621400000, 0x0000000621400000|100%| E|CS|TAMS 0x0000000621000000| PB 0x0000000621000000| Complete |  0
| 124|0x0000000621400000, 0x0000000621800000, 0x0000000621800000|100%| E|CS|TAMS 0x0000000621400000| PB 0x0000000621400000| Complete |  0
| 125|0x0000000621800000, 0x0000000621c00000, 0x0000000621c00000|100%| E|CS|TAMS 0x0000000621800000| PB 0x0000000621800000| Complete |  0
| 126|0x0000000621c00000, 0x0000000622000000, 0x0000000622000000|100%| E|CS|TAMS 0x0000000621c00000| PB 0x0000000621c00000| Complete |  0
| 127|0x0000000622000000, 0x0000000622400000, 0x0000000622400000|100%| E|CS|TAMS 0x0000000622000000| PB 0x0000000622000000| Complete |  0
|2038|0x00000007ffc00000, 0x00000007ffd1d1c0, 0x0000000800000000| 27%| O|  |TAMS 0x00000007ffc00000| PB 0x00000007ffc00000| Untracked |  0

Card table byte_map: [0x00000222f82e0000,0x00000222f92d0000] _byte_map_base: 0x00000222f52ce000

Marking Bits: (CMBitMap*) 0x00000222ee148f40
 Bits: [0x000002228f000000, 0x0000022296f70000)

Polling page: 0x00000222ebf20000

Metaspace:

Usage:
  Non-class:      7.37 MB used.
      Class:    751.28 KB used.
       Both:      8.11 MB used.

Virtual space:
  Non-class space:       64.00 MB reserved,       7.56 MB ( 12%) committed,  1 nodes.
      Class space:        1.00 GB reserved,     896.00 KB ( <1%) committed,  1 nodes.
             Both:        1.06 GB reserved,       8.44 MB ( <1%) committed. 

Chunk freelists:
   Non-Class:  8.43 MB
       Class:  15.19 MB
        Both:  23.62 MB

MaxMetaspaceSize: unlimited
CompressedClassSpaceSize: 1.00 GB
Initial GC threshold: 21.00 MB
Current GC threshold: 21.00 MB
CDS: on
 - commit_granule_bytes: 65536.
 - commit_granule_words: 8192.
 - virtual_space_node_default_size: 8388608.
 - enlarge_chunks_in_place: 1.
UseCompressedClassPointers 1, UseCompactObjectHeaders 0
Narrow klass pointer bits 32, Max shift 3
Narrow klass base: 0x0000022297000000, Narrow klass shift: 0
Encoding Range: [0x0000022297000000 - 0x0000022397000000), (4294967296 bytes)
Klass Range:    [0x0000022297000000 - 0x00000222d8000000), (1090519040 bytes)
Klass ID Range:  [8 - 1090519033) (1090519025)


Internal statistics:

num_allocs_failed_limit: 0.
num_arena_births: 190.
num_arena_deaths: 0.
num_vsnodes_births: 2.
num_vsnodes_deaths: 0.
num_space_committed: 135.
num_space_uncommitted: 0.
num_chunks_returned_to_freelist: 0.
num_chunks_taken_from_freelist: 273.
num_chunk_merges: 0.
num_chunk_splits: 152.
num_chunks_enlarged: 50.
num_inconsistent_stats: 0.

CodeHeap 'non-profiled nmethods': size=119232Kb used=713Kb max_used=713Kb free=118519Kb
 bounds [0x0000022287b90000, 0x0000022287e00000, 0x000002228f000000]
CodeHeap 'profiled nmethods': size=119104Kb used=3432Kb max_used=3432Kb free=115671Kb
 bounds [0x0000022280000000, 0x0000022280360000, 0x0000022287450000]
CodeHeap 'non-nmethods': size=7424Kb used=3028Kb max_used=3172Kb free=4395Kb
 bounds [0x0000022287450000, 0x0000022287780000, 0x0000022287b90000]
CodeCache: size=245760Kb, used=7173Kb, max_used=7317Kb, free=238585Kb
 total_blobs=2780, nmethods=2273, adapters=409, full_count=0
Compilation: enabled, stopped_count=0, restarted_count=0

Compilation events (20 events):
Event: 27.599 Thread 0x00000222df641780 nmethod 2263 0x0000022287c34508 code [0x0000022287c34600, 0x0000022287c346c8]
Event: 27.599 Thread 0x00000222dc109580 nmethod 2264 0x0000022287c34808 code [0x0000022287c34900, 0x0000022287c349c8]
Event: 27.599 Thread 0x00000222df641780 2267   !   3       jdk.jfr.internal.Control::setValue (102 bytes)
Event: 27.599 Thread 0x00000222dc01f2f0 nmethod 2265 0x0000022287c34b08 code [0x0000022287c34c00, 0x0000022287c34cc8]
Event: 27.599 Thread 0x00000222df640ff0 nmethod 2266 0x0000022287c34e08 code [0x0000022287c34f00, 0x0000022287c34fc8]
Event: 27.599 Thread 0x00000222dc01f2f0 2268       3       jdk.jfr.internal.SettingsManager$InternalSetting::getValues (35 bytes)
Event: 27.599 Thread 0x00000222dc109580 2269       3       jdk.jfr.internal.Control::apply (10 bytes)
Event: 27.599 Thread 0x00000222df640ff0 2270       3       jdk.jfr.internal.Control::findCombine (121 bytes)
Event: 27.599 Thread 0x00000222dc109580 nmethod 2269 0x0000022280356788 code [0x00000222803568c0, 0x0000022280356ac8]
Event: 27.599 Thread 0x00000222dc01f2f0 nmethod 2268 0x0000022280356b08 code [0x0000022280356c60, 0x0000022280357128]
Event: 27.599 Thread 0x00000222df640ff0 nmethod 2270 0x0000022280357188 code [0x00000222803573a0, 0x0000022280358388]
Event: 27.600 Thread 0x00000222df641780 nmethod 2267 0x0000022280358408 code [0x00000222803586a0, 0x0000022280359af8]
Event: 27.601 Thread 0x00000222dc80ffa0 nmethod 2222 0x0000022287c35108 code [0x0000022287c35360, 0x0000022287c35fb0]
Event: 27.601 Thread 0x00000222dc109580 2271       1       jdk.jfr.internal.periodic.EventTask::getEventType (5 bytes)
Event: 27.601 Thread 0x00000222dc109580 nmethod 2271 0x0000022287c36088 code [0x0000022287c36180, 0x0000022287c36248]
Event: 27.601 Thread 0x00000222dc01f2f0 2272       3       java.util.Comparator::lambda$comparingLong$6043328a$1 (18 bytes)
Event: 27.601 Thread 0x00000222dc109580 2273       1       jdk.jfr.internal.periodic.PeriodicTask::getPeriod (5 bytes)
Event: 27.602 Thread 0x00000222dc109580 nmethod 2273 0x0000022287c36388 code [0x0000022287c36480, 0x0000022287c36548]
Event: 27.602 Thread 0x00000222dc01f2f0 nmethod 2272 0x0000022280359b88 code [0x0000022280359ce0, 0x000002228035a0c0]
Event: 27.602 Thread 0x00000222dc8408b0 nmethod 2247 0x0000022287c36688 code [0x0000022287c367a0, 0x0000022287c36c90]

GC Heap History (0 events):
No events

Dll operation events (12 events):
Event: 0.007 Loaded shared library C:\Program Files\Java\jdk-24\bin\java.dll
Event: 0.027 Loaded shared library C:\Program Files\Java\jdk-24\bin\jsvml.dll
Event: 0.051 Loaded shared library C:\Program Files\Java\jdk-24\bin\zip.dll
Event: 0.054 Loaded shared library C:\Program Files\Java\jdk-24\bin\instrument.dll
Event: 0.058 Loaded shared library C:\Program Files\Java\jdk-24\bin\net.dll
Event: 0.059 Loaded shared library C:\Program Files\Java\jdk-24\bin\nio.dll
Event: 0.064 Loaded shared library C:\Program Files\Java\jdk-24\bin\zip.dll
Event: 0.080 Loaded shared library C:\Program Files\Java\jdk-24\bin\extnet.dll
Event: 0.086 Loaded shared library C:\Program Files\Java\jdk-24\bin\jimage.dll
Event: 0.132 Loaded shared library C:\Program Files\Java\jdk-24\bin\management.dll
Event: 0.137 Loaded shared library C:\Program Files\Java\jdk-24\bin\management_ext.dll
Event: 27.473 Loaded shared library C:\Users\Gaby\AppData\Local\Temp\idea_libasyncProfiler_dll_temp_folder2\libasyncProfiler.dll

Deoptimization events (20 events):
Event: 27.555 Thread 0x00000222dc00a390 Uncommon trap: trap_request=0xffffffde fr.pc=0x0000022287c15490 relative=0x0000000000000070
Event: 27.555 Thread 0x00000222dc00a390 Uncommon trap: reason=class_check action=maybe_recompile pc=0x0000022287c15490 method=jdk.jfr.FlightRecorderPermission$InternalAccess.getType(Ljava/lang/Object;)Ljdk/jfr/internal/Type; @ 18 c2
Event: 27.555 Thread 0x00000222dc00a390 DEOPT PACKING pc=0x0000022287c15490 sp=0x0000005f7dafe170
Event: 27.555 Thread 0x00000222dc00a390 DEOPT UNPACKING pc=0x0000022287565882 sp=0x0000005f7dafe108 mode 2
Event: 27.556 Thread 0x00000222dc00a390 Uncommon trap: trap_request=0xffffffde fr.pc=0x0000022287c15490 relative=0x0000000000000070
Event: 27.556 Thread 0x00000222dc00a390 Uncommon trap: reason=class_check action=maybe_recompile pc=0x0000022287c15490 method=jdk.jfr.FlightRecorderPermission$InternalAccess.getType(Ljava/lang/Object;)Ljdk/jfr/internal/Type; @ 18 c2
Event: 27.556 Thread 0x00000222dc00a390 DEOPT PACKING pc=0x0000022287c15490 sp=0x0000005f7dafe170
Event: 27.556 Thread 0x00000222dc00a390 DEOPT UNPACKING pc=0x0000022287565882 sp=0x0000005f7dafe108 mode 2
Event: 27.559 Thread 0x00000222dc00a390 Uncommon trap: trap_request=0xffffffcc fr.pc=0x0000022287c19f6c relative=0x00000000000003ac
Event: 27.559 Thread 0x00000222dc00a390 Uncommon trap: reason=intrinsic_or_type_checked_inlining action=make_not_entrant pc=0x0000022287c19f6c method=java.util.Arrays.copyOf([Ljava/lang/Object;ILjava/lang/Class;)[Ljava/lang/Object; @ 35 c2
Event: 27.559 Thread 0x00000222dc00a390 DEOPT PACKING pc=0x0000022287c19f6c sp=0x0000005f7dafdff0
Event: 27.559 Thread 0x00000222dc00a390 DEOPT UNPACKING pc=0x0000022287565882 sp=0x0000005f7dafdf80 mode 2
Event: 27.591 Thread 0x00000222dc00a390 Uncommon trap: trap_request=0xffffff4d fr.pc=0x0000022287c2e7ac relative=0x000000000000020c
Event: 27.591 Thread 0x00000222dc00a390 Uncommon trap: reason=unstable_if action=reinterpret pc=0x0000022287c2e7ac method=java.io.ByteArrayOutputStream.ensureCapacity(I)V @ 11 c2
Event: 27.591 Thread 0x00000222dc00a390 DEOPT PACKING pc=0x0000022287c2e7ac sp=0x0000005f7dafe300
Event: 27.592 Thread 0x00000222dc00a390 DEOPT UNPACKING pc=0x0000022287565882 sp=0x0000005f7dafe238 mode 2
Event: 27.593 Thread 0x00000222dc00a390 Uncommon trap: trap_request=0xffffff4d fr.pc=0x0000022287c2ed70 relative=0x00000000000003d0
Event: 27.593 Thread 0x00000222dc00a390 Uncommon trap: reason=unstable_if action=reinterpret pc=0x0000022287c2ed70 method=java.io.ByteArrayOutputStream.ensureCapacity(I)V @ 11 c2
Event: 27.593 Thread 0x00000222dc00a390 DEOPT PACKING pc=0x0000022287c2ed70 sp=0x0000005f7dafe260
Event: 27.593 Thread 0x00000222dc00a390 DEOPT UNPACKING pc=0x0000022287565882 sp=0x0000005f7dafe140 mode 2

Classes loaded (20 events):
Event: 27.584 Loading class jdk/jfr/internal/MetadataWriter
Event: 27.584 Loading class jdk/jfr/internal/MetadataWriter done
Event: 27.584 Loading class jdk/jfr/internal/MetadataDescriptor$Element
Event: 27.584 Loading class jdk/jfr/internal/MetadataDescriptor$Element done
Event: 27.584 Loading class jdk/jfr/internal/MetadataDescriptor$Attribute
Event: 27.584 Loading class jdk/jfr/internal/MetadataDescriptor$Attribute done
Event: 27.589 Loading class jdk/jfr/internal/consumer/StringParser$Encoding
Event: 27.590 Loading class jdk/jfr/internal/consumer/StringParser$Encoding done
Event: 27.595 Loading class jdk/jfr/internal/consumer/RepositoryFiles
Event: 27.595 Loading class jdk/jfr/internal/consumer/RepositoryFiles done
Event: 27.597 Loading class jdk/jfr/internal/SettingsManager$InternalSetting
Event: 27.597 Loading class jdk/jfr/internal/SettingsManager$InternalSetting done
Event: 27.598 Loading class jdk/jfr/internal/util/Rate
Event: 27.598 Loading class jdk/jfr/internal/util/Rate done
Event: 27.598 Loading class jdk/jfr/internal/util/TimespanUnit
Event: 27.598 Loading class jdk/jfr/internal/util/TimespanUnit done
Event: 27.598 Loading class jdk/jfr/internal/util/ValueParser
Event: 27.598 Loading class jdk/jfr/internal/util/ValueParser done
Event: 27.599 Loading class jdk/jfr/internal/periodic/PeriodicType
Event: 27.599 Loading class jdk/jfr/internal/periodic/PeriodicType done

Classes unloaded (0 events):
No events

Classes redefined (0 events):
No events

Internal exceptions (20 events):
Event: 0.399 Thread 0x00000222dce03270 Exception <a 'java/lang/NoSuchMethodError'{0x00000006213d3d50}: 'java.lang.Object java.lang.invoke.DirectMethodHandle$Holder.invokeStatic(java.lang.Object, java.lang.Object, java.lang.Object, java.lang.Object, java.lang.Object, java.lang.Object, java.lang.Object, java.lang.Object)'> (0x00000006213d3d50) 
thrown [s\open\src\hotspot\share\interpreter\linkResolver.cpp, line 805]
Event: 0.401 Thread 0x00000222dce03270 Exception <a 'java/lang/NoSuchMethodError'{0x0000000620d17db8}: 'java.lang.Object java.lang.invoke.DirectMethodHandle$Holder.invokeStatic(java.lang.Object, java.lang.Object, java.lang.Object, java.lang.Object, java.lang.Object, java.lang.Object, java.lang.Object, java.lang.Object, java.lang.Object)'> (0x0000000620d17db8) 
thrown [s\open\src\hotspot\share\interpreter\linkResolver.cpp, line 805]
Event: 0.402 Thread 0x00000222dce03270 Exception <a 'java/lang/NoSuchMethodError'{0x0000000620d2b268}: 'java.lang.Object java.lang.invoke.Invokers$Holder.invokeExact_MT(java.lang.Object, java.lang.Object, java.lang.Object, java.lang.Object, java.lang.Object, java.lang.Object)'> (0x0000000620d2b268) 
thrown [s\open\src\hotspot\share\interpreter\linkResolver.cpp, line 805]
Event: 0.421 Thread 0x00000222dce03270 Exception <a 'java/lang/NoSuchMethodError'{0x0000000620d36ff8}: 'java.lang.Object java.lang.invoke.DirectMethodHandle$Holder.invokeInterface(java.lang.Object, java.lang.Object, java.lang.Object, java.lang.Object, java.lang.Object)'> (0x0000000620d36ff8) 
thrown [s\open\src\hotspot\share\interpreter\linkResolver.cpp, line 805]
Event: 0.425 Thread 0x00000222dce03270 Exception <a 'java/lang/NoSuchMethodError'{0x0000000620d818c8}: 'double java.lang.invoke.DirectMethodHandle$Holder.invokeInterface(java.lang.Object, java.lang.Object)'> (0x0000000620d818c8) 
thrown [s\open\src\hotspot\share\interpreter\linkResolver.cpp, line 805]
Event: 0.425 Thread 0x00000222dce03270 Exception <a 'java/lang/NoSuchMethodError'{0x0000000620d92538}: 'double java.lang.invoke.DelegatingMethodHandle$Holder.reinvoke_L(java.lang.Object, java.lang.Object)'> (0x0000000620d92538) 
thrown [s\open\src\hotspot\share\interpreter\linkResolver.cpp, line 805]
Event: 1.195 Thread 0x00000222dce03270 Exception <a 'java/lang/NoSuchMethodError'{0x0000000620dba1e8}: 'long java.lang.invoke.DirectMethodHandle$Holder.invokeVirtual(java.lang.Object, java.lang.Object)'> (0x0000000620dba1e8) 
thrown [s\open\src\hotspot\share\interpreter\linkResolver.cpp, line 805]
Event: 1.195 Thread 0x00000222dce03270 Exception <a 'java/lang/NoSuchMethodError'{0x0000000620dc24d8}: 'java.lang.Object java.lang.invoke.DirectMethodHandle$Holder.invokeStatic(java.lang.Object, long)'> (0x0000000620dc24d8) 
thrown [s\open\src\hotspot\share\interpreter\linkResolver.cpp, line 805]
Event: 1.196 Thread 0x00000222dce03270 Exception <a 'java/lang/NoSuchMethodError'{0x0000000620dd2580}: 'long java.lang.invoke.DelegatingMethodHandle$Holder.reinvoke_L(java.lang.Object, java.lang.Object)'> (0x0000000620dd2580) 
thrown [s\open\src\hotspot\share\interpreter\linkResolver.cpp, line 805]
Event: 27.493 Thread 0x00000222dc00a390 Implicit null exception at 0x0000022287bbddb9 to 0x0000022287bbe7e4
Event: 27.498 Thread 0x00000222dc00a390 Exception <a 'java/lang/NoSuchMethodError'{0x0000000620f892c8}: 'void java.lang.invoke.DirectMethodHandle$Holder.invokeStaticInit(java.lang.Object)'> (0x0000000620f892c8) 
thrown [s\open\src\hotspot\share\interpreter\linkResolver.cpp, line 805]
Event: 27.502 Thread 0x00000222dc00a390 Exception <a 'java/lang/NoSuchMethodError'{0x0000000620fe7af0}: 'java.lang.Object java.lang.invoke.DirectMethodHandle$Holder.newInvokeSpecial(java.lang.Object, java.lang.Object, java.lang.Object, java.lang.Object, java.lang.Object)'> (0x0000000620fe7af0) 
thrown [s\open\src\hotspot\share\interpreter\linkResolver.cpp, line 805]
Event: 27.524 Thread 0x00000222dc00a390 Exception <a 'java/lang/NoSuchMethodError'{0x000000062097d360}: 'int java.lang.invoke.DirectMethodHandle$Holder.invokeStatic(java.lang.Object, java.lang.Object, java.lang.Object, java.lang.Object)'> (0x000000062097d360) 
thrown [s\open\src\hotspot\share\interpreter\linkResolver.cpp, line 805]
Event: 27.574 Thread 0x00000222dc00a390 Exception <a 'java/lang/NoSuchMethodError'{0x0000000620054238}: 'void java.lang.invoke.DirectMethodHandle$Holder.invokeSpecial(java.lang.Object, java.lang.Object, int)'> (0x0000000620054238) 
thrown [s\open\src\hotspot\share\interpreter\linkResolver.cpp, line 805]
Event: 27.574 Thread 0x00000222dc00a390 Exception <a 'java/lang/NoSuchMethodError'{0x000000062005be58}: 'void java.lang.invoke.Invokers$Holder.invokeExact_MT(java.lang.Object, int, java.lang.Object)'> (0x000000062005be58) 
thrown [s\open\src\hotspot\share\interpreter\linkResolver.cpp, line 805]
Event: 27.575 Thread 0x00000222dc00a390 Exception <a 'java/lang/NoSuchMethodError'{0x0000000620076638}: 'void java.lang.invoke.DirectMethodHandle$Holder.invokeStatic(java.lang.Object, java.lang.Object, int)'> (0x0000000620076638) 
thrown [s\open\src\hotspot\share\interpreter\linkResolver.cpp, line 805]
Event: 27.576 Thread 0x00000222dc00a390 Exception <a 'java/lang/NoSuchMethodError'{0x0000000620085540}: 'java.lang.Object java.lang.invoke.DirectMethodHandle$Holder.newInvokeSpecial(java.lang.Object, java.lang.Object, int)'> (0x0000000620085540) 
thrown [s\open\src\hotspot\share\interpreter\linkResolver.cpp, line 805]
Event: 27.578 Thread 0x00000222dc00a390 Exception <a 'sun/nio/fs/WindowsException'{0x00000006200b9820}> (0x00000006200b9820) 
thrown [s\open\src\hotspot\share\prims\jni.cpp, line 518]
Event: 27.580 Thread 0x00000222dc00a390 Exception <a 'sun/nio/fs/WindowsException'{0x00000006200c65e8}> (0x00000006200c65e8) 
thrown [s\open\src\hotspot\share\prims\jni.cpp, line 518]
Event: 27.583 Thread 0x00000222dc00a390 Exception <a 'sun/nio/fs/WindowsException'{0x00000006200d8330}> (0x00000006200d8330) 
thrown [s\open\src\hotspot\share\prims\jni.cpp, line 518]

VM Operations (14 events):
Event: 0.044 Executing VM operation: HandshakeAllThreads (Deoptimize)
Event: 0.044 Executing VM operation: HandshakeAllThreads (Deoptimize) done
Event: 0.091 Executing VM operation: HandshakeAllThreads (Deoptimize)
Event: 0.091 Executing VM operation: HandshakeAllThreads (Deoptimize) done
Event: 0.258 Executing VM operation: HandshakeAllThreads (Deoptimize)
Event: 0.258 Executing VM operation: HandshakeAllThreads (Deoptimize) done
Event: 0.302 Executing VM operation: HandshakeAllThreads (Deoptimize)
Event: 0.302 Executing VM operation: HandshakeAllThreads (Deoptimize) done
Event: 0.378 Executing VM operation: HandshakeAllThreads (Deoptimize)
Event: 0.378 Executing VM operation: HandshakeAllThreads (Deoptimize) done
Event: 27.576 Executing VM operation: HandshakeAllThreads (Deoptimize)
Event: 27.576 Executing VM operation: HandshakeAllThreads (Deoptimize) done
Event: 27.595 Executing VM operation: JFRSafepointClear
Event: 27.595 Executing VM operation: JFRSafepointClear done

Memory protections (0 events):
No events

Nmethod flushes (0 events):
No events

Events (20 events):
Event: 0.095 Thread 0x00000222dc117070 Thread added: 0x00000222dc614350
Event: 0.229 Thread 0x00000222dc117070 Thread added: 0x00000222dcc23200
Event: 0.306 Thread 0x00000222dc00a390 Thread added: 0x00000222dcdfb080
Event: 0.351 Thread 0x00000222dcdfb080 Thread added: 0x00000222dce03270
Event: 0.371 Thread 0x00000222dce03270 Thread added: 0x00000222dce06aa0
Event: 0.377 Thread 0x00000222dce03270 Thread added: 0x00000222dcd607f0
Event: 1.189 Thread 0x00000222dcc23200 Thread exited: 0x00000222dcc23200
Event: 1.189 Thread 0x00000222dc1182e0 Thread exited: 0x00000222dc1182e0
Event: 1.191 Thread 0x00000222dc117070 Thread exited: 0x00000222dc117070
Event: 2.209 Thread 0x00000222dc614350 Thread exited: 0x00000222dc614350
Event: 2.209 Thread 0x00000222dc5f1bd0 Thread exited: 0x00000222dc5f1bd0
Event: 27.486 Thread 0x00000222dc01f2f0 Thread added: 0x00000222dc858830
Event: 27.487 Thread 0x00000222dc858830 Thread added: 0x00000222dc858fc0
Event: 27.497 Thread 0x00000222dc00a390 Thread added: 0x00000222dcf9be50
Event: 27.499 Thread 0x00000222dc01f2f0 Thread added: 0x00000222df640ff0
Event: 27.500 Thread 0x00000222dc01f2f0 Thread added: 0x00000222df641780
Event: 27.500 Thread 0x00000222dc01f2f0 Thread added: 0x00000222dc109580
Event: 27.532 Thread 0x00000222df640ff0 Thread added: 0x00000222dc80ffa0
Event: 27.532 Thread 0x00000222df640ff0 Thread added: 0x00000222dc8408b0
Event: 27.576 Thread 0x00000222dc00a390 Thread added: 0x00000222df7d8cf0


Dynamic libraries:
0x00007ff6cce00000 - 0x00007ff6cce10000 	C:\Program Files\Java\jdk-24\bin\java.exe
0x00007ff8ea670000 - 0x00007ff8ea868000 	C:\Windows\SYSTEM32\ntdll.dll
0x00007ff8e8fc0000 - 0x00007ff8e9082000 	C:\Windows\System32\KERNEL32.DLL
0x00007ff8e81f0000 - 0x00007ff8e84e6000 	C:\Windows\System32\KERNELBASE.dll
0x00007ff8e7e00000 - 0x00007ff8e7f00000 	C:\Windows\System32\ucrtbase.dll
0x00007ff8cca20000 - 0x00007ff8cca36000 	C:\Program Files\Java\jdk-24\bin\jli.dll
0x00007ff8cced0000 - 0x00007ff8cceeb000 	C:\Program Files\Java\jdk-24\bin\VCRUNTIME140.dll
0x00007ff8e9090000 - 0x00007ff8e922d000 	C:\Windows\System32\USER32.dll
0x00007ff8e7f80000 - 0x00007ff8e7fa2000 	C:\Windows\System32\win32u.dll
0x00007ff8d3d40000 - 0x00007ff8d3fda000 	C:\Windows\WinSxS\amd64_microsoft.windows.common-controls_6595b64144ccf1df_6.0.19041.5794_none_60bcd33171f2783c\COMCTL32.dll
0x00007ff8ea340000 - 0x00007ff8ea36b000 	C:\Windows\System32\GDI32.dll
0x00007ff8ea590000 - 0x00007ff8ea62e000 	C:\Windows\System32\msvcrt.dll
0x00007ff8e84f0000 - 0x00007ff8e860a000 	C:\Windows\System32\gdi32full.dll
0x00007ff8e7d60000 - 0x00007ff8e7dfd000 	C:\Windows\System32\msvcp_win.dll
0x00007ff8e9a40000 - 0x00007ff8e9a6f000 	C:\Windows\System32\IMM32.DLL
0x00007ff8d70a0000 - 0x00007ff8d70ac000 	C:\Program Files\Java\jdk-24\bin\vcruntime140_1.dll
0x00007ff8a79a0000 - 0x00007ff8a7a2e000 	C:\Program Files\Java\jdk-24\bin\msvcp140.dll
0x00007ff811c60000 - 0x00007ff812a02000 	C:\Program Files\Java\jdk-24\bin\server\jvm.dll
0x00007ff8e86a0000 - 0x00007ff8e874f000 	C:\Windows\System32\ADVAPI32.dll
0x00007ff8e99a0000 - 0x00007ff8e9a3f000 	C:\Windows\System32\sechost.dll
0x00007ff8e89c0000 - 0x00007ff8e8ae3000 	C:\Windows\System32\RPCRT4.dll
0x00007ff8e8110000 - 0x00007ff8e8137000 	C:\Windows\System32\bcrypt.dll
0x00007ff8e9a70000 - 0x00007ff8e9adb000 	C:\Windows\System32\WS2_32.dll
0x00007ff8e72a0000 - 0x00007ff8e72eb000 	C:\Windows\SYSTEM32\POWRPROF.dll
0x00007ff8e6ad0000 - 0x00007ff8e6ada000 	C:\Windows\SYSTEM32\VERSION.dll
0x00007ff8dba60000 - 0x00007ff8dba87000 	C:\Windows\SYSTEM32\WINMM.dll
0x00007ff8e7110000 - 0x00007ff8e7122000 	C:\Windows\SYSTEM32\UMPDC.dll
0x00007ff8e6a80000 - 0x00007ff8e6a92000 	C:\Windows\SYSTEM32\kernel.appcore.dll
0x00007ff8d6dc0000 - 0x00007ff8d6dca000 	C:\Program Files\Java\jdk-24\bin\jimage.dll
0x00007ff8e5830000 - 0x00007ff8e5a31000 	C:\Windows\SYSTEM32\DBGHELP.DLL
0x00007ff8d1b80000 - 0x00007ff8d1bb4000 	C:\Windows\SYSTEM32\dbgcore.DLL
0x00007ff8e8610000 - 0x00007ff8e8692000 	C:\Windows\System32\bcryptPrimitives.dll
0x00007ff8e2ca0000 - 0x00007ff8e2caf000 	C:\Program Files\Java\jdk-24\bin\instrument.dll
0x00007ff8cc9f0000 - 0x00007ff8cca0e000 	C:\Program Files\Java\jdk-24\bin\java.dll
0x00007ff8e8b00000 - 0x00007ff8e8c2b000 	C:\Windows\System32\ole32.dll
0x00007ff8e9ae0000 - 0x00007ff8e9e33000 	C:\Windows\System32\combase.dll
0x00007ff8e9230000 - 0x00007ff8e999e000 	C:\Windows\System32\SHELL32.dll
0x00007ff8e5bb0000 - 0x00007ff8e6353000 	C:\Windows\SYSTEM32\windows.storage.dll
0x00007ff8e7740000 - 0x00007ff8e776b000 	C:\Windows\SYSTEM32\Wldp.dll
0x00007ff8ea370000 - 0x00007ff8ea43d000 	C:\Windows\System32\OLEAUT32.dll
0x00007ff8e8750000 - 0x00007ff8e87fd000 	C:\Windows\System32\SHCORE.dll
0x00007ff8ea450000 - 0x00007ff8ea4a5000 	C:\Windows\System32\shlwapi.dll
0x00007ff8e7c40000 - 0x00007ff8e7c65000 	C:\Windows\SYSTEM32\profapi.dll
0x00007ff8a5720000 - 0x00007ff8a57f7000 	C:\Program Files\Java\jdk-24\bin\jsvml.dll
0x00007ff8c3e70000 - 0x00007ff8c3e87000 	C:\Program Files\Java\jdk-24\bin\zip.dll
0x00007ff8d3820000 - 0x00007ff8d3830000 	C:\Program Files\Java\jdk-24\bin\net.dll
0x00007ff8e74a0000 - 0x00007ff8e750c000 	C:\Windows\system32\mswsock.dll
0x00007ff8c3e90000 - 0x00007ff8c3ea6000 	C:\Program Files\Java\jdk-24\bin\nio.dll
0x00007ff8d35d0000 - 0x00007ff8d35d9000 	C:\Program Files\Java\jdk-24\bin\extnet.dll
0x00007ff8e7170000 - 0x00007ff8e723a000 	C:\Windows\SYSTEM32\DNSAPI.dll
0x00007ff8e7130000 - 0x00007ff8e716b000 	C:\Windows\SYSTEM32\IPHLPAPI.DLL
0x00007ff8ea440000 - 0x00007ff8ea448000 	C:\Windows\System32\NSI.dll
0x0000000059790000 - 0x00000000597b6000 	C:\Program Files\Bonjour\mdnsNSP.dll
0x00007ff8e2ff0000 - 0x00007ff8e2ffa000 	C:\Windows\System32\rasadhlp.dll
0x00007ff8db690000 - 0x00007ff8db710000 	C:\Windows\System32\fwpuclnt.dll
0x00007ff8d3430000 - 0x00007ff8d343a000 	C:\Program Files\Java\jdk-24\bin\management.dll
0x00007ff8ccec0000 - 0x00007ff8ccecb000 	C:\Program Files\Java\jdk-24\bin\management_ext.dll
0x00007ff8e8fb0000 - 0x00007ff8e8fb8000 	C:\Windows\System32\PSAPI.DLL
0x00007ff8e76a0000 - 0x00007ff8e76b8000 	C:\Windows\SYSTEM32\CRYPTSP.dll
0x00007ff8e6d50000 - 0x00007ff8e6d88000 	C:\Windows\system32\rsaenh.dll
0x00007ff8e7c00000 - 0x00007ff8e7c2e000 	C:\Windows\SYSTEM32\USERENV.dll
0x00007ff8e7690000 - 0x00007ff8e769c000 	C:\Windows\SYSTEM32\CRYPTBASE.dll
0x00007ff8946c0000 - 0x00007ff8946d7000 	C:\Windows\system32\napinsp.dll
0x00007ff8946a0000 - 0x00007ff8946bb000 	C:\Windows\system32\pnrpnsp.dll
0x00007ff8e42a0000 - 0x00007ff8e42bd000 	C:\Windows\system32\wshbth.dll
0x00007ff8e2ba0000 - 0x00007ff8e2bbd000 	C:\Windows\system32\NLAapi.dll
0x00007ff894680000 - 0x00007ff894692000 	C:\Windows\System32\winrnr.dll
0x00007ff8d4d10000 - 0x00007ff8d4d61000 	C:\Windows\SYSTEM32\pdh.dll
0x00007ff8e4e80000 - 0x00007ff8e4e8f000 	C:\Windows\System32\perfproc.dll
0x00007ff8c6a10000 - 0x00007ff8c6a1f000 	C:\Windows\System32\perfos.dll
0x00007ff89b9f0000 - 0x00007ff89bbe8000 	C:\Users\Gaby\AppData\Local\Temp\idea_libasyncProfiler_dll_temp_folder2\libasyncProfiler.dll

JVMTI agents:
C:\Program Files\JetBrains\IntelliJ IDEA 2025.1.1.1\lib\idea_rt.jar path:C:\Program Files\Java\jdk-24\bin\instrument.dll, loaded, initialized, instrumentlib options:62922

dbghelp: loaded successfully - version: 4.0.5 - missing functions: none
symbol engine: initialized successfully - sym options: 0x614 - pdb path: .;C:\Program Files\Java\jdk-24\bin;C:\Windows\SYSTEM32;C:\Windows\WinSxS\amd64_microsoft.windows.common-controls_6595b64144ccf1df_6.0.19041.5794_none_60bcd33171f2783c;C:\Program Files\Java\jdk-24\bin\server;C:\Program Files\Bonjour;C:\Users\Gaby\AppData\Local\Temp\idea_libasyncProfiler_dll_temp_folder2

VM Arguments:
jvm_args: -javaagent:C:\Program Files\JetBrains\IntelliJ IDEA 2025.1.1.1\lib\idea_rt.jar=62922 -Dfile.encoding=UTF-8 -Dsun.stdout.encoding=UTF-8 -Dsun.stderr.encoding=UTF-8 
java_command: MainKt
java_class_path (initial): C:\Users\Gaby\Desktop\UNICDA\2025 - 2S\Programacion Movil\Programacion-Movil\Leccion 6_Final\out\production\Leccion 6_Final;C:\Users\Gaby\.m2\repository\org\jetbrains\kotlin\kotlin-stdlib\2.1.20\kotlin-stdlib-2.1.20.jar;C:\Users\Gaby\.m2\repository\org\jetbrains\annotations\13.0\annotations-13.0.jar
Launcher Type: SUN_STANDARD

[Global flags]
     intx CICompilerCount                          = 12                                        {product} {ergonomic}
     uint ConcGCThreads                            = 3                                         {product} {ergonomic}
     bool FlightRecorder                           = true                                      {product} {management}
     uint G1ConcRefinementThreads                  = 13                                        {product} {ergonomic}
   size_t G1HeapRegionSize                         = 4194304                                   {product} {ergonomic}
   size_t InitialHeapSize                          = 536870912                                 {product} {ergonomic}
   size_t MarkStackSize                            = 4194304                                   {product} {ergonomic}
   size_t MarkStackSizeMax                         = 536870912                                 {product} {ergonomic}
   size_t MaxHeapSize                              = 8552185856                                {product} {ergonomic}
   size_t MaxNewSize                               = 5129633792                                {product} {ergonomic}
   size_t MinHeapDeltaBytes                        = 4194304                                   {product} {ergonomic}
   size_t MinHeapSize                              = 8388608                                   {product} {ergonomic}
    uintx NonNMethodCodeHeapSize                   = 7602176                                {pd product} {ergonomic}
    uintx NonProfiledCodeHeapSize                  = 122093568                              {pd product} {ergonomic}
    uintx ProfiledCodeHeapSize                     = 121962496                              {pd product} {ergonomic}
    uintx ReservedCodeCacheSize                    = 251658240                              {pd product} {ergonomic}
     bool SegmentedCodeCache                       = true                                      {product} {ergonomic}
   size_t SoftMaxHeapSize                          = 8552185856                             {manageable} {ergonomic}
     bool UseCompressedOops                        = true                           {product lp64_product} {ergonomic}
     bool UseG1GC                                  = true                                      {product} {ergonomic}
     bool UseLargePagesIndividualAllocation        = false                                  {pd product} {ergonomic}

Logging:
Log output configuration:
 #0: stdout all=warning uptime,level,tags foldmultilines=false
 #1: stderr all=off uptime,level,tags foldmultilines=false

Environment Variables:
JAVA_HOME=C:\Program Files (x86)\Java\jre1.8.0_251\bin
PATH=C:\Program Files (x86)\Common Files\Oracle\Java\javapath;C:\Windows\system32;C:\Windows;C:\Windows\System32\Wbem;C:\Windows\System32\WindowsPowerShell\v1.0\;C:\Windows\System32\OpenSSH\;C:\Program Files\dotnet\;C:\Program Files\nodejs\;C:\Program Files (x86)\dotnet\;C:\Program Files (x86)\Incredibuild;C:\Program Files (x86)\Windows Kits\10\Windows Performance Toolkit\;C:\Program Files\Git\cmd;C:\Users\Gaby\AppData\Local\Microsoft\WindowsApps;C:\Users\Gaby\AppData\Local\Programs\Microsoft VS Code\bin;C:\Users\Gaby\AppData\Local\GitHubDesktop\bin;C:\Users\Gaby\AppData\Roaming\npm;C:\Users\Gaby\AppData\Local\Microsoft\WinGet\Packages\Genymobile.scrcpy_Microsoft.Winget.Source_8wekyb3d8bbwe\scrcpy-win64-v3.1;
USERNAME=Gaby
OS=Windows_NT
PROCESSOR_IDENTIFIER=AMD64 Family 25 Model 80 Stepping 0, AuthenticAMD
TMP=C:\Users\Gaby\AppData\Local\Temp
TEMP=C:\Users\Gaby\AppData\Local\Temp




Periodic native trim disabled

---------------  S Y S T E M  ---------------

OS:
 Windows 10 , 64 bit Build 19041 (10.0.19041.5794)
OS uptime: 9 days 1:06 hours

CPU: total 16 (initial active 16) (16 cores per cpu, 2 threads per core) family 25 model 80 stepping 0 microcode 0x0, cx8, cmov, fxsr, ht, mmx, 3dnowpref, sse, sse2, sse3, ssse3, sse4a, sse4.1, sse4.2, popcnt, lzcnt, tsc, tscinvbit, avx, avx2, aes, erms, clmul, bmi1, bmi2, adx, sha, fma, vzeroupper, clflush, clflushopt, rdtscp, rdpid, fsrm, f16c, pku, cet_ss
Processor Information for the first 16 processors :
  Max Mhz: 3201, Current Mhz: 3201, Mhz Limit: 3201

Memory: 4k page, system-wide physical 32620M (6174M free)
TotalPageFile size 63264M (AvailPageFile size 6884M)
current process WorkingSet (physical memory assigned to process): 114M, peak: 119M
current process commit charge ("private bytes"): 688M, peak: 700M

vm_info: Java HotSpot(TM) 64-Bit Server VM (24.0.1+9-30) for windows-amd64 JRE (24.0.1+9-30), built on 2025-03-05T07:23:45Z with MS VC++ 17.6 (VS2022)

END.
